

Microchip MPLAB XC8 Assembler V3.10 build 20250813170317 
                                                                                               Thu Nov  6 07:49:07 2025

Microchip MPLAB XC8 C Compiler v3.10 (Free license) build 20250813170317 Og1 
     1                           	processor	16F877A
     2                           	pagewidth 120
     3                           	opt	flic
     4                           	psect	cinit,global,class=CODE,space=0,merge=1,delta=2
     5                           	psect	cstackCOMMON,global,class=COMMON,space=1,delta=1,noexec
     6                           	psect	cstackBANK0,global,class=BANK0,space=1,delta=1,noexec
     7                           	psect	maintext,global,class=CODE,space=0,split=1,delta=2
     8                           	psect	text1,local,class=CODE,space=0,merge=1,delta=2
     9                           	psect	text2,local,class=CODE,space=0,merge=1,delta=2
    10                           	psect	text3,local,class=CODE,space=0,merge=1,delta=2,group=1
    11                           	psect	text4,local,class=CODE,space=0,merge=1,delta=2,group=1
    12                           	dabs	1,0x7E,2
    13     0000                     
    14                           ; Generated 12/10/2023 GMT
    15                           ; 
    16                           ; Copyright © 2023, Microchip Technology Inc. and its subsidiaries ("Microchip")
    17                           ; All rights reserved.
    18                           ; 
    19                           ; This software is developed by Microchip Technology Inc. and its subsidiaries ("Microch
      +                          ip").
    20                           ; 
    21                           ; Redistribution and use in source and binary forms, with or without modification, are
    22                           ; permitted provided that the following conditions are met:
    23                           ; 
    24                           ;     1. Redistributions of source code must retain the above copyright notice, this lis
      +                          t of
    25                           ;        conditions and the following disclaimer.
    26                           ; 
    27                           ;     2. Redistributions in binary form must reproduce the above copyright notice, this 
      +                          list
    28                           ;        of conditions and the following disclaimer in the documentation and/or other
    29                           ;        materials provided with the distribution. Publication is not required when
    30                           ;        this file is used in an embedded application.
    31                           ; 
    32                           ;     3. Microchip's name may not be used to endorse or promote products derived from th
      +                          is
    33                           ;        software without specific prior written permission.
    34                           ; 
    35                           ; THIS SOFTWARE IS PROVIDED BY MICROCHIP "AS IS" AND ANY EXPRESS OR IMPLIED WARRANTIES,
    36                           ; INCLUDING, BUT NOT LIMITED TO, THE IMPLIED WARRANTIES OF MERCHANTABILITY AND FITNESS F
      +                          OR
    37                           ; PURPOSE ARE DISCLAIMED.  IN NO EVENT SHALL MICROCHIP BE LIABLE FOR ANY DIRECT, INDIREC
      +                          T,
    38                           ; INCIDENTAL, SPECIAL, EXEMPLARY, OR CONSEQUENTIAL DAMAGES (INCLUDING BUT NOT LIMITED TO
    39                           ; PROCUREMENT OF SUBSTITUTE GOODS OR SERVICES; LOSS OF USE, DATA OR PROFITS; OR BUSINESS
    40                           ; INTERRUPTION) HOWSOEVER CAUSED AND ON ANY THEORY OF LIABILITY, WHETHER IN CONTRACT, ST
      +                          RICT
    41                           ; LIABILITY, OR TORT (INCLUDING NEGLIGENCE OR OTHERWISE) ARISING IN ANY WAY OUT OF THE U
      +                          SE OF
    42                           ; THIS SOFTWARE, EVEN IF ADVISED OF THE POSSIBILITY OF SUCH DAMAGE.
    43                           ; 
    44                           ; 
    45                           ; Code-generator required, PIC16F877A Definitions
    46                           ; 
    47                           ; SFR Addresses
    48     0004                     fsr             equ	4
    49     0004                     fsr0            equ	4
    50     0000                     indf            equ	0
    51     0000                     indf0           equ	0
    52     0002                     pc              equ	2
    53     0002                     pcl             equ	2
    54     000A                     pclath          equ	10
    55     0003                     status          equ	3
    56     0000                     INDF            equ	0	;# 
    57     0001                     TMR0            equ	1	;# 
    58     0002                     PCL             equ	2	;# 
    59     0003                     STATUS          equ	3	;# 
    60     0004                     FSR             equ	4	;# 
    61     0005                     PORTA           equ	5	;# 
    62     0006                     PORTB           equ	6	;# 
    63     0007                     PORTC           equ	7	;# 
    64     0008                     PORTD           equ	8	;# 
    65     0009                     PORTE           equ	9	;# 
    66     000A                     PCLATH          equ	10	;# 
    67     000B                     INTCON          equ	11	;# 
    68     000C                     PIR1            equ	12	;# 
    69     000D                     PIR2            equ	13	;# 
    70     000E                     TMR1            equ	14	;# 
    71     000E                     TMR1L           equ	14	;# 
    72     000F                     TMR1H           equ	15	;# 
    73     0010                     T1CON           equ	16	;# 
    74     0011                     TMR2            equ	17	;# 
    75     0012                     T2CON           equ	18	;# 
    76     0013                     SSPBUF          equ	19	;# 
    77     0014                     SSPCON          equ	20	;# 
    78     0015                     CCPR1           equ	21	;# 
    79     0015                     CCPR1L          equ	21	;# 
    80     0016                     CCPR1H          equ	22	;# 
    81     0017                     CCP1CON         equ	23	;# 
    82     0018                     RCSTA           equ	24	;# 
    83     0019                     TXREG           equ	25	;# 
    84     001A                     RCREG           equ	26	;# 
    85     001B                     CCPR2           equ	27	;# 
    86     001B                     CCPR2L          equ	27	;# 
    87     001C                     CCPR2H          equ	28	;# 
    88     001D                     CCP2CON         equ	29	;# 
    89     001E                     ADRESH          equ	30	;# 
    90     001F                     ADCON0          equ	31	;# 
    91     0081                     OPTION_REG      equ	129	;# 
    92     0085                     TRISA           equ	133	;# 
    93     0086                     TRISB           equ	134	;# 
    94     0087                     TRISC           equ	135	;# 
    95     0088                     TRISD           equ	136	;# 
    96     0089                     TRISE           equ	137	;# 
    97     008C                     PIE1            equ	140	;# 
    98     008D                     PIE2            equ	141	;# 
    99     008E                     PCON            equ	142	;# 
   100     0091                     SSPCON2         equ	145	;# 
   101     0092                     PR2             equ	146	;# 
   102     0093                     SSPADD          equ	147	;# 
   103     0094                     SSPSTAT         equ	148	;# 
   104     0098                     TXSTA           equ	152	;# 
   105     0099                     SPBRG           equ	153	;# 
   106     009C                     CMCON           equ	156	;# 
   107     009D                     CVRCON          equ	157	;# 
   108     009E                     ADRESL          equ	158	;# 
   109     009F                     ADCON1          equ	159	;# 
   110     010C                     EEDATA          equ	268	;# 
   111     010D                     EEADR           equ	269	;# 
   112     010E                     EEDATH          equ	270	;# 
   113     010F                     EEADRH          equ	271	;# 
   114     018C                     EECON1          equ	396	;# 
   115     018D                     EECON2          equ	397	;# 
   116     0000                     INDF            equ	0	;# 
   117     0001                     TMR0            equ	1	;# 
   118     0002                     PCL             equ	2	;# 
   119     0003                     STATUS          equ	3	;# 
   120     0004                     FSR             equ	4	;# 
   121     0005                     PORTA           equ	5	;# 
   122     0006                     PORTB           equ	6	;# 
   123     0007                     PORTC           equ	7	;# 
   124     0008                     PORTD           equ	8	;# 
   125     0009                     PORTE           equ	9	;# 
   126     000A                     PCLATH          equ	10	;# 
   127     000B                     INTCON          equ	11	;# 
   128     000C                     PIR1            equ	12	;# 
   129     000D                     PIR2            equ	13	;# 
   130     000E                     TMR1            equ	14	;# 
   131     000E                     TMR1L           equ	14	;# 
   132     000F                     TMR1H           equ	15	;# 
   133     0010                     T1CON           equ	16	;# 
   134     0011                     TMR2            equ	17	;# 
   135     0012                     T2CON           equ	18	;# 
   136     0013                     SSPBUF          equ	19	;# 
   137     0014                     SSPCON          equ	20	;# 
   138     0015                     CCPR1           equ	21	;# 
   139     0015                     CCPR1L          equ	21	;# 
   140     0016                     CCPR1H          equ	22	;# 
   141     0017                     CCP1CON         equ	23	;# 
   142     0018                     RCSTA           equ	24	;# 
   143     0019                     TXREG           equ	25	;# 
   144     001A                     RCREG           equ	26	;# 
   145     001B                     CCPR2           equ	27	;# 
   146     001B                     CCPR2L          equ	27	;# 
   147     001C                     CCPR2H          equ	28	;# 
   148     001D                     CCP2CON         equ	29	;# 
   149     001E                     ADRESH          equ	30	;# 
   150     001F                     ADCON0          equ	31	;# 
   151     0081                     OPTION_REG      equ	129	;# 
   152     0085                     TRISA           equ	133	;# 
   153     0086                     TRISB           equ	134	;# 
   154     0087                     TRISC           equ	135	;# 
   155     0088                     TRISD           equ	136	;# 
   156     0089                     TRISE           equ	137	;# 
   157     008C                     PIE1            equ	140	;# 
   158     008D                     PIE2            equ	141	;# 
   159     008E                     PCON            equ	142	;# 
   160     0091                     SSPCON2         equ	145	;# 
   161     0092                     PR2             equ	146	;# 
   162     0093                     SSPADD          equ	147	;# 
   163     0094                     SSPSTAT         equ	148	;# 
   164     0098                     TXSTA           equ	152	;# 
   165     0099                     SPBRG           equ	153	;# 
   166     009C                     CMCON           equ	156	;# 
   167     009D                     CVRCON          equ	157	;# 
   168     009E                     ADRESL          equ	158	;# 
   169     009F                     ADCON1          equ	159	;# 
   170     010C                     EEDATA          equ	268	;# 
   171     010D                     EEADR           equ	269	;# 
   172     010E                     EEDATH          equ	270	;# 
   173     010F                     EEADRH          equ	271	;# 
   174     018C                     EECON1          equ	396	;# 
   175     018D                     EECON2          equ	397	;# 
   176     001E                     _ADRESH         set	30
   177     001F                     _ADCON0         set	31
   178     00FA                     _GO_nDONE       set	250
   179     009E                     _ADRESL         set	158
   180     009F                     _ADCON1         set	159
   181     0085                     _TRISA          set	133
   182                           
   183                           	psect	cinit
   184     07FC                     start_initialization:	
   185                           ; #config settings
   186                           
   187     07FC                     __initialization:
   188     07FC                     end_of_initialization:	
   189                           ;End of C runtime variable initialization code
   190                           
   191     07FC                     __end_of__initialization:
   192     07FC  0183               	clrf	3
   193     07FD  120A  118A  2EDF   	ljmp	_main	;jump to C main() function
   194                           
   195                           	psect	cstackCOMMON
   196     0070                     __pcstackCOMMON:
   197     0070                     ?_adc_init:
   198     0070                     ?_main:	
   199                           ; 1 bytes @ 0x0
   200                           
   201     0070                     ?_adc_read_an0:	
   202                           ; 1 bytes @ 0x0
   203                           
   204     0070                     ?___lmul:	
   205                           ; 2 bytes @ 0x0
   206                           
   207     0070                     ___lmul@multiplier:	
   208                           ; 4 bytes @ 0x0
   209                           
   210     0070                     ??_adc_init:	
   211                           ; 4 bytes @ 0x0
   212                           
   213                           
   214                           ; 1 bytes @ 0x0
   215     0070                     	ds	2
   216     0072                     ??_adc_read_an0:
   217                           
   218                           ; 1 bytes @ 0x2
   219     0072                     	ds	2
   220     0074                     ___lmul@multiplicand:
   221                           
   222                           ; 4 bytes @ 0x4
   223     0074                     	ds	4
   224     0078                     ??___lmul:
   225                           
   226                           ; 1 bytes @ 0x8
   227     0078                     	ds	1
   228     0079                     ___lmul@product:
   229                           
   230                           ; 4 bytes @ 0x9
   231     0079                     	ds	4
   232     007D                     ??___aldiv:
   233                           
   234                           ; 1 bytes @ 0xD
   235     007D                     	ds	1
   236     007E                     ??_main:
   237                           
   238                           	psect	cstackBANK0
   239     0020                     __pcstackBANK0:	
   240                           ; 1 bytes @ 0xE
   241                           
   242     0020                     ?___aldiv:
   243     0020                     ___aldiv@divisor:	
   244                           ; 4 bytes @ 0x0
   245                           
   246                           
   247                           ; 4 bytes @ 0x0
   248     0020                     	ds	4
   249     0024                     ___aldiv@dividend:
   250                           
   251                           ; 4 bytes @ 0x4
   252     0024                     	ds	4
   253     0028                     ___aldiv@counter:
   254                           
   255                           ; 1 bytes @ 0x8
   256     0028                     	ds	1
   257     0029                     ___aldiv@sign:
   258                           
   259                           ; 1 bytes @ 0x9
   260     0029                     	ds	1
   261     002A                     ___aldiv@quotient:
   262                           
   263                           ; 4 bytes @ 0xA
   264     002A                     	ds	4
   265     002E                     main@raw:
   266                           
   267                           ; 2 bytes @ 0xE
   268     002E                     	ds	2
   269                           
   270                           	psect	maintext
   271     06DF                     __pmaintext:	
   272 ;;
   273 ;;Main: autosize = 0, tempsize = 0, incstack = 0, save=0
   274 ;;
   275 ;; *************** function _main *****************
   276 ;; Defined at:
   277 ;;		line 25 in file "ADC.c"
   278 ;; Parameters:    Size  Location     Type
   279 ;;		None
   280 ;; Auto vars:     Size  Location     Type
   281 ;;  raw             2   14[BANK0 ] unsigned short 
   282 ;;  mv              2    0        unsigned short 
   283 ;; Return value:  Size  Location     Type
   284 ;;                  1    wreg      void 
   285 ;; Registers used:
   286 ;;		wreg, status,2, status,0, pclath, cstack
   287 ;; Tracked objects:
   288 ;;		On entry : B00/0
   289 ;;		On exit  : 0/0
   290 ;;		Unchanged: 0/0
   291 ;; Data sizes:     COMMON   BANK0   BANK1   BANK3   BANK2
   292 ;;      Params:         0       0       0       0       0
   293 ;;      Locals:         0       2       0       0       0
   294 ;;      Temps:          0       0       0       0       0
   295 ;;      Totals:         0       2       0       0       0
   296 ;;Total ram usage:        2 bytes
   297 ;; Hardware stack levels required when called: 1
   298 ;; This function calls:
   299 ;;		___aldiv
   300 ;;		___lmul
   301 ;;		_adc_init
   302 ;;		_adc_read_an0
   303 ;; This function is called by:
   304 ;;		Startup code after reset
   305 ;; This function uses a non-reentrant model
   306 ;;
   307                           
   308     06DF                     _main:	
   309                           ;psect for function _main
   310                           
   311     06DF                     l713:	
   312                           ;incstack = 0
   313                           ; Regs used in _main: [wreg+status,2+status,0+pclath+cstack]
   314                           
   315                           
   316                           ;ADC.c: 26:     adc_init();
   317     06DF  120A  118A  26BE  120A  118A  	fcall	_adc_init
   318     06E4                     l715:
   319                           
   320                           ;ADC.c: 29:        uint16_t raw = adc_read_an0();
   321     06E4  120A  118A  26CD  120A  118A  	fcall	_adc_read_an0
   322     06E9  0871               	movf	?_adc_read_an0+1,w
   323     06EA  1283               	bcf	3,5	;RP0=0, select bank0
   324     06EB  1303               	bcf	3,6	;RP1=0, select bank0
   325     06EC  00AF               	movwf	main@raw+1
   326     06ED  0870               	movf	?_adc_read_an0,w
   327     06EE  00AE               	movwf	main@raw
   328     06EF                     l717:
   329     06EF  3000               	movlw	0
   330     06F0  00A3               	movwf	___aldiv@divisor+3
   331     06F1  3000               	movlw	0
   332     06F2  00A2               	movwf	___aldiv@divisor+2
   333     06F3  3003               	movlw	3
   334     06F4  00A1               	movwf	___aldiv@divisor+1
   335     06F5  30FF               	movlw	255
   336     06F6  00A0               	movwf	___aldiv@divisor
   337     06F7  082E               	movf	main@raw,w
   338     06F8  00F0               	movwf	___lmul@multiplier
   339     06F9  082F               	movf	main@raw+1,w
   340     06FA  00F1               	movwf	___lmul@multiplier+1
   341     06FB  01F2               	clrf	___lmul@multiplier+2
   342     06FC  01F3               	clrf	___lmul@multiplier+3
   343     06FD  3000               	movlw	0
   344     06FE  00F7               	movwf	___lmul@multiplicand+3
   345     06FF  3000               	movlw	0
   346     0700  00F6               	movwf	___lmul@multiplicand+2
   347     0701  3013               	movlw	19
   348     0702  00F5               	movwf	___lmul@multiplicand+1
   349     0703  3088               	movlw	136
   350     0704  00F4               	movwf	___lmul@multiplicand
   351     0705  120A  118A  271D  120A  118A  	fcall	___lmul
   352     070A  0873               	movf	?___lmul+3,w
   353     070B  1283               	bcf	3,5	;RP0=0, select bank0
   354     070C  1303               	bcf	3,6	;RP1=0, select bank0
   355     070D  00A7               	movwf	___aldiv@dividend+3
   356     070E  0872               	movf	?___lmul+2,w
   357     070F  00A6               	movwf	___aldiv@dividend+2
   358     0710  0871               	movf	?___lmul+1,w
   359     0711  00A5               	movwf	___aldiv@dividend+1
   360     0712  0870               	movf	?___lmul,w
   361     0713  00A4               	movwf	___aldiv@dividend
   362     0714  120A  118A  2763  120A  118A  	fcall	___aldiv
   363     0719  2EE4               	goto	l715
   364     071A  120A  118A  2800   	ljmp	start
   365     071D                     __end_of_main:
   366                           
   367                           	psect	text1
   368     06CD                     __ptext1:	
   369 ;; *************** function _adc_read_an0 *****************
   370 ;; Defined at:
   371 ;;		line 18 in file "ADC.c"
   372 ;; Parameters:    Size  Location     Type
   373 ;;		None
   374 ;; Auto vars:     Size  Location     Type
   375 ;;		None
   376 ;; Return value:  Size  Location     Type
   377 ;;                  2    0[COMMON] unsigned int 
   378 ;; Registers used:
   379 ;;		wreg
   380 ;; Tracked objects:
   381 ;;		On entry : 0/0
   382 ;;		On exit  : 0/0
   383 ;;		Unchanged: 0/0
   384 ;; Data sizes:     COMMON   BANK0   BANK1   BANK3   BANK2
   385 ;;      Params:         2       0       0       0       0
   386 ;;      Locals:         0       0       0       0       0
   387 ;;      Temps:          1       0       0       0       0
   388 ;;      Totals:         3       0       0       0       0
   389 ;;Total ram usage:        3 bytes
   390 ;; Hardware stack levels used: 1
   391 ;; This function calls:
   392 ;;		Nothing
   393 ;; This function is called by:
   394 ;;		_main
   395 ;; This function uses a non-reentrant model
   396 ;;
   397                           
   398     06CD                     _adc_read_an0:	
   399                           ;psect for function _adc_read_an0
   400                           
   401     06CD                     l651:	
   402                           ;incstack = 0
   403                           ; Regs used in _adc_read_an0: [wreg]
   404                           
   405                           
   406                           ;ADC.c: 19:     _delay((unsigned long)((20)*(20000000/4000000.0)));
   407     06CD  3021               	movlw	33
   408     06CE  00F2               	movwf	??_adc_read_an0
   409     06CF                     u337:
   410     06CF  0BF2               	decfsz	??_adc_read_an0,f
   411     06D0  2ECF               	goto	u337
   412     06D1                     l653:
   413                           
   414                           ;ADC.c: 20:     GO_nDONE = 1;
   415     06D1  1283               	bcf	3,5	;RP0=0, select bank0
   416     06D2  1303               	bcf	3,6	;RP1=0, select bank0
   417     06D3  151F               	bsf	31,2	;volatile
   418     06D4                     l20:	
   419                           ;ADC.c: 21:     while(GO_nDONE);
   420                           
   421     06D4  191F               	btfsc	31,2	;volatile
   422     06D5  2ED7               	goto	u171
   423     06D6  2ED8               	goto	u170
   424     06D7                     u171:
   425     06D7  2ED4               	goto	l20
   426     06D8                     u170:
   427     06D8                     l655:
   428                           
   429                           ;ADC.c: 22:     return ((unsigned int)ADRESH <<8|ADRESL);
   430     06D8  081E               	movf	30,w	;volatile
   431     06D9  00F1               	movwf	?_adc_read_an0+1
   432     06DA  1683               	bsf	3,5	;RP0=1, select bank1
   433     06DB  1303               	bcf	3,6	;RP1=0, select bank1
   434     06DC  081E               	movf	30,w	;volatile
   435     06DD  00F0               	movwf	?_adc_read_an0
   436     06DE                     l23:
   437     06DE  0008               	return
   438     06DF                     __end_of_adc_read_an0:
   439                           
   440                           	psect	text2
   441     06BE                     __ptext2:	
   442 ;; *************** function _adc_init *****************
   443 ;; Defined at:
   444 ;;		line 11 in file "ADC.c"
   445 ;; Parameters:    Size  Location     Type
   446 ;;		None
   447 ;; Auto vars:     Size  Location     Type
   448 ;;		None
   449 ;; Return value:  Size  Location     Type
   450 ;;                  1    wreg      void 
   451 ;; Registers used:
   452 ;;		wreg
   453 ;; Tracked objects:
   454 ;;		On entry : 0/0
   455 ;;		On exit  : 0/0
   456 ;;		Unchanged: 0/0
   457 ;; Data sizes:     COMMON   BANK0   BANK1   BANK3   BANK2
   458 ;;      Params:         0       0       0       0       0
   459 ;;      Locals:         0       0       0       0       0
   460 ;;      Temps:          1       0       0       0       0
   461 ;;      Totals:         1       0       0       0       0
   462 ;;Total ram usage:        1 bytes
   463 ;; Hardware stack levels used: 1
   464 ;; This function calls:
   465 ;;		Nothing
   466 ;; This function is called by:
   467 ;;		_main
   468 ;; This function uses a non-reentrant model
   469 ;;
   470                           
   471     06BE                     _adc_init:	
   472                           ;psect for function _adc_init
   473                           
   474     06BE                     l647:	
   475                           ;incstack = 0
   476                           ; Regs used in _adc_init: [wreg]
   477                           
   478                           
   479                           ;ADC.c: 12:     TRISA = 0b00000001;
   480     06BE  3001               	movlw	1
   481     06BF  1683               	bsf	3,5	;RP0=1, select bank1
   482     06C0  1303               	bcf	3,6	;RP1=0, select bank1
   483     06C1  0085               	movwf	5	;volatile
   484                           
   485                           ;ADC.c: 13:     ADCON1 = 0b1101110;
   486     06C2  306E               	movlw	110
   487     06C3  009F               	movwf	31	;volatile
   488                           
   489                           ;ADC.c: 14:     ADCON0 = 0b1000001;
   490     06C4  3041               	movlw	65
   491     06C5  1283               	bcf	3,5	;RP0=0, select bank0
   492     06C6  1303               	bcf	3,6	;RP1=0, select bank0
   493     06C7  009F               	movwf	31	;volatile
   494     06C8                     l649:
   495                           
   496                           ;ADC.c: 15:     _delay((unsigned long)((20)*(20000000/4000000.0)));
   497     06C8  3021               	movlw	33
   498     06C9  00F0               	movwf	??_adc_init
   499     06CA                     u347:
   500     06CA  0BF0               	decfsz	??_adc_init,f
   501     06CB  2ECA               	goto	u347
   502     06CC                     l17:
   503     06CC  0008               	return
   504     06CD                     __end_of_adc_init:
   505                           
   506                           	psect	text3
   507     071D                     __ptext3:	
   508 ;; *************** function ___lmul *****************
   509 ;; Defined at:
   510 ;;		line 15 in file "C:\Program Files\Microchip\xc8\v3.10\pic\sources\c99\common\Umul32.c"
   511 ;; Parameters:    Size  Location     Type
   512 ;;  multiplier      4    0[COMMON] unsigned long 
   513 ;;  multiplicand    4    4[COMMON] unsigned long 
   514 ;; Auto vars:     Size  Location     Type
   515 ;;  product         4    9[COMMON] unsigned long 
   516 ;; Return value:  Size  Location     Type
   517 ;;                  4    0[COMMON] unsigned long 
   518 ;; Registers used:
   519 ;;		wreg, status,2, status,0
   520 ;; Tracked objects:
   521 ;;		On entry : 0/0
   522 ;;		On exit  : 0/0
   523 ;;		Unchanged: 0/0
   524 ;; Data sizes:     COMMON   BANK0   BANK1   BANK3   BANK2
   525 ;;      Params:         8       0       0       0       0
   526 ;;      Locals:         4       0       0       0       0
   527 ;;      Temps:          1       0       0       0       0
   528 ;;      Totals:        13       0       0       0       0
   529 ;;Total ram usage:       13 bytes
   530 ;; Hardware stack levels used: 1
   531 ;; This function calls:
   532 ;;		Nothing
   533 ;; This function is called by:
   534 ;;		_main
   535 ;; This function uses a non-reentrant model
   536 ;;
   537                           
   538     071D                     ___lmul:	
   539                           ;psect for function ___lmul
   540                           
   541     071D                     l659:	
   542                           ;incstack = 0
   543                           ; Regs used in ___lmul: [wreg+status,2+status,0]
   544                           
   545     071D  3000               	movlw	0
   546     071E  00FC               	movwf	___lmul@product+3
   547     071F  3000               	movlw	0
   548     0720  00FB               	movwf	___lmul@product+2
   549     0721  3000               	movlw	0
   550     0722  00FA               	movwf	___lmul@product+1
   551     0723  3000               	movlw	0
   552     0724  00F9               	movwf	___lmul@product
   553     0725                     l661:
   554     0725  1C70               	btfss	___lmul@multiplier,0
   555     0726  2F28               	goto	u181
   556     0727  2F29               	goto	u180
   557     0728                     u181:
   558     0728  2F40               	goto	l665
   559     0729                     u180:
   560     0729                     l663:
   561     0729  0874               	movf	___lmul@multiplicand,w
   562     072A  07F9               	addwf	___lmul@product,f
   563     072B  0875               	movf	___lmul@multiplicand+1,w
   564     072C  1103               	clrz
   565     072D  1803               	skipnc
   566     072E  3E01               	addlw	1
   567     072F  1903               	skipnz
   568     0730  2F32               	goto	u191
   569     0731  07FA               	addwf	___lmul@product+1,f
   570     0732                     u191:
   571     0732  0876               	movf	___lmul@multiplicand+2,w
   572     0733  1103               	clrz
   573     0734  1803               	skipnc
   574     0735  3E01               	addlw	1
   575     0736  1903               	skipnz
   576     0737  2F39               	goto	u192
   577     0738  07FB               	addwf	___lmul@product+2,f
   578     0739                     u192:
   579     0739  0877               	movf	___lmul@multiplicand+3,w
   580     073A  1103               	clrz
   581     073B  1803               	skipnc
   582     073C  3E01               	addlw	1
   583     073D  1903               	skipnz
   584     073E  2F40               	goto	u193
   585     073F  07FC               	addwf	___lmul@product+3,f
   586     0740                     u193:
   587     0740                     l665:
   588     0740  3001               	movlw	1
   589     0741  00F8               	movwf	??___lmul
   590     0742                     u205:
   591     0742  1003               	clrc
   592     0743  0DF4               	rlf	___lmul@multiplicand,f
   593     0744  0DF5               	rlf	___lmul@multiplicand+1,f
   594     0745  0DF6               	rlf	___lmul@multiplicand+2,f
   595     0746  0DF7               	rlf	___lmul@multiplicand+3,f
   596     0747  0BF8               	decfsz	??___lmul,f
   597     0748  2F42               	goto	u205
   598     0749                     l667:
   599     0749  3001               	movlw	1
   600     074A                     u215:
   601     074A  1003               	clrc
   602     074B  0CF3               	rrf	___lmul@multiplier+3,f
   603     074C  0CF2               	rrf	___lmul@multiplier+2,f
   604     074D  0CF1               	rrf	___lmul@multiplier+1,f
   605     074E  0CF0               	rrf	___lmul@multiplier,f
   606     074F  3EFF               	addlw	-1
   607     0750  1D03               	skipz
   608     0751  2F4A               	goto	u215
   609     0752  0873               	movf	___lmul@multiplier+3,w
   610     0753  0472               	iorwf	___lmul@multiplier+2,w
   611     0754  0471               	iorwf	___lmul@multiplier+1,w
   612     0755  0470               	iorwf	___lmul@multiplier,w
   613     0756  1D03               	skipz
   614     0757  2F59               	goto	u221
   615     0758  2F5A               	goto	u220
   616     0759                     u221:
   617     0759  2F25               	goto	l661
   618     075A                     u220:
   619     075A                     l669:
   620     075A  087C               	movf	___lmul@product+3,w
   621     075B  00F3               	movwf	?___lmul+3
   622     075C  087B               	movf	___lmul@product+2,w
   623     075D  00F2               	movwf	?___lmul+2
   624     075E  087A               	movf	___lmul@product+1,w
   625     075F  00F1               	movwf	?___lmul+1
   626     0760  0879               	movf	___lmul@product,w
   627     0761  00F0               	movwf	?___lmul
   628     0762                     l131:
   629     0762  0008               	return
   630     0763                     __end_of___lmul:
   631                           
   632                           	psect	text4
   633     0763                     __ptext4:	
   634 ;; *************** function ___aldiv *****************
   635 ;; Defined at:
   636 ;;		line 5 in file "C:\Program Files\Microchip\xc8\v3.10\pic\sources\c99\common\aldiv.c"
   637 ;; Parameters:    Size  Location     Type
   638 ;;  divisor         4    0[BANK0 ] long 
   639 ;;  dividend        4    4[BANK0 ] long 
   640 ;; Auto vars:     Size  Location     Type
   641 ;;  quotient        4   10[BANK0 ] long 
   642 ;;  sign            1    9[BANK0 ] unsigned char 
   643 ;;  counter         1    8[BANK0 ] unsigned char 
   644 ;; Return value:  Size  Location     Type
   645 ;;                  4    0[BANK0 ] long 
   646 ;; Registers used:
   647 ;;		wreg, status,2, status,0
   648 ;; Tracked objects:
   649 ;;		On entry : 0/0
   650 ;;		On exit  : 0/0
   651 ;;		Unchanged: 0/0
   652 ;; Data sizes:     COMMON   BANK0   BANK1   BANK3   BANK2
   653 ;;      Params:         0       8       0       0       0
   654 ;;      Locals:         0       6       0       0       0
   655 ;;      Temps:          1       0       0       0       0
   656 ;;      Totals:         1      14       0       0       0
   657 ;;Total ram usage:       15 bytes
   658 ;; Hardware stack levels used: 1
   659 ;; This function calls:
   660 ;;		Nothing
   661 ;; This function is called by:
   662 ;;		_main
   663 ;; This function uses a non-reentrant model
   664 ;;
   665                           
   666     0763                     ___aldiv:	
   667                           ;psect for function ___aldiv
   668                           
   669     0763                     l673:	
   670                           ;incstack = 0
   671                           ; Regs used in ___aldiv: [wreg+status,2+status,0]
   672                           
   673     0763  1283               	bcf	3,5	;RP0=0, select bank0
   674     0764  1303               	bcf	3,6	;RP1=0, select bank0
   675     0765  01A9               	clrf	___aldiv@sign
   676     0766                     l675:
   677     0766  1FA3               	btfss	___aldiv@divisor+3,7
   678     0767  2F69               	goto	u231
   679     0768  2F6A               	goto	u230
   680     0769                     u231:
   681     0769  2F77               	goto	l182
   682     076A                     u230:
   683     076A                     l677:
   684     076A  09A0               	comf	___aldiv@divisor,f
   685     076B  09A1               	comf	___aldiv@divisor+1,f
   686     076C  09A2               	comf	___aldiv@divisor+2,f
   687     076D  09A3               	comf	___aldiv@divisor+3,f
   688     076E  0AA0               	incf	___aldiv@divisor,f
   689     076F  1903               	skipnz
   690     0770  0AA1               	incf	___aldiv@divisor+1,f
   691     0771  1903               	skipnz
   692     0772  0AA2               	incf	___aldiv@divisor+2,f
   693     0773  1903               	skipnz
   694     0774  0AA3               	incf	___aldiv@divisor+3,f
   695     0775  3001               	movlw	1
   696     0776  00A9               	movwf	___aldiv@sign
   697     0777                     l182:
   698     0777  1FA7               	btfss	___aldiv@dividend+3,7
   699     0778  2F7A               	goto	u241
   700     0779  2F7B               	goto	u240
   701     077A                     u241:
   702     077A  2F88               	goto	l683
   703     077B                     u240:
   704     077B                     l679:
   705     077B  09A4               	comf	___aldiv@dividend,f
   706     077C  09A5               	comf	___aldiv@dividend+1,f
   707     077D  09A6               	comf	___aldiv@dividend+2,f
   708     077E  09A7               	comf	___aldiv@dividend+3,f
   709     077F  0AA4               	incf	___aldiv@dividend,f
   710     0780  1903               	skipnz
   711     0781  0AA5               	incf	___aldiv@dividend+1,f
   712     0782  1903               	skipnz
   713     0783  0AA6               	incf	___aldiv@dividend+2,f
   714     0784  1903               	skipnz
   715     0785  0AA7               	incf	___aldiv@dividend+3,f
   716     0786                     l681:
   717     0786  3001               	movlw	1
   718     0787  06A9               	xorwf	___aldiv@sign,f
   719     0788                     l683:
   720     0788  3000               	movlw	0
   721     0789  00AD               	movwf	___aldiv@quotient+3
   722     078A  3000               	movlw	0
   723     078B  00AC               	movwf	___aldiv@quotient+2
   724     078C  3000               	movlw	0
   725     078D  00AB               	movwf	___aldiv@quotient+1
   726     078E  3000               	movlw	0
   727     078F  00AA               	movwf	___aldiv@quotient
   728     0790                     l685:
   729     0790  0823               	movf	___aldiv@divisor+3,w
   730     0791  0422               	iorwf	___aldiv@divisor+2,w
   731     0792  0421               	iorwf	___aldiv@divisor+1,w
   732     0793  0420               	iorwf	___aldiv@divisor,w
   733     0794  1903               	skipnz
   734     0795  2F97               	goto	u251
   735     0796  2F98               	goto	u250
   736     0797                     u251:
   737     0797  2FE3               	goto	l705
   738     0798                     u250:
   739     0798                     l687:
   740     0798  3001               	movlw	1
   741     0799  00A8               	movwf	___aldiv@counter
   742     079A  2FA6               	goto	l691
   743     079B                     l689:
   744     079B  3001               	movlw	1
   745     079C  00FD               	movwf	??___aldiv
   746     079D                     u265:
   747     079D  1003               	clrc
   748     079E  0DA0               	rlf	___aldiv@divisor,f
   749     079F  0DA1               	rlf	___aldiv@divisor+1,f
   750     07A0  0DA2               	rlf	___aldiv@divisor+2,f
   751     07A1  0DA3               	rlf	___aldiv@divisor+3,f
   752     07A2  0BFD               	decfsz	??___aldiv,f
   753     07A3  2F9D               	goto	u265
   754     07A4  3001               	movlw	1
   755     07A5  07A8               	addwf	___aldiv@counter,f
   756     07A6                     l691:
   757     07A6  1FA3               	btfss	___aldiv@divisor+3,7
   758     07A7  2FA9               	goto	u271
   759     07A8  2FAA               	goto	u270
   760     07A9                     u271:
   761     07A9  2F9B               	goto	l689
   762     07AA                     u270:
   763     07AA                     l693:
   764     07AA  3001               	movlw	1
   765     07AB  00FD               	movwf	??___aldiv
   766     07AC                     u285:
   767     07AC  1003               	clrc
   768     07AD  0DAA               	rlf	___aldiv@quotient,f
   769     07AE  0DAB               	rlf	___aldiv@quotient+1,f
   770     07AF  0DAC               	rlf	___aldiv@quotient+2,f
   771     07B0  0DAD               	rlf	___aldiv@quotient+3,f
   772     07B1  0BFD               	decfsz	??___aldiv,f
   773     07B2  2FAC               	goto	u285
   774     07B3                     l695:
   775     07B3  0823               	movf	___aldiv@divisor+3,w
   776     07B4  0227               	subwf	___aldiv@dividend+3,w
   777     07B5  1D03               	skipz
   778     07B6  2FC1               	goto	u295
   779     07B7  0822               	movf	___aldiv@divisor+2,w
   780     07B8  0226               	subwf	___aldiv@dividend+2,w
   781     07B9  1D03               	skipz
   782     07BA  2FC1               	goto	u295
   783     07BB  0821               	movf	___aldiv@divisor+1,w
   784     07BC  0225               	subwf	___aldiv@dividend+1,w
   785     07BD  1D03               	skipz
   786     07BE  2FC1               	goto	u295
   787     07BF  0820               	movf	___aldiv@divisor,w
   788     07C0  0224               	subwf	___aldiv@dividend,w
   789     07C1                     u295:
   790     07C1  1C03               	skipc
   791     07C2  2FC4               	goto	u291
   792     07C3  2FC5               	goto	u290
   793     07C4                     u291:
   794     07C4  2FD4               	goto	l701
   795     07C5                     u290:
   796     07C5                     l697:
   797     07C5  0820               	movf	___aldiv@divisor,w
   798     07C6  02A4               	subwf	___aldiv@dividend,f
   799     07C7  0821               	movf	___aldiv@divisor+1,w
   800     07C8  1C03               	skipc
   801     07C9  0F21               	incfsz	___aldiv@divisor+1,w
   802     07CA  02A5               	subwf	___aldiv@dividend+1,f
   803     07CB  0822               	movf	___aldiv@divisor+2,w
   804     07CC  1C03               	skipc
   805     07CD  0F22               	incfsz	___aldiv@divisor+2,w
   806     07CE  02A6               	subwf	___aldiv@dividend+2,f
   807     07CF  0823               	movf	___aldiv@divisor+3,w
   808     07D0  1C03               	skipc
   809     07D1  0F23               	incfsz	___aldiv@divisor+3,w
   810     07D2  02A7               	subwf	___aldiv@dividend+3,f
   811     07D3                     l699:
   812     07D3  142A               	bsf	___aldiv@quotient,0
   813     07D4                     l701:
   814     07D4  3001               	movlw	1
   815     07D5                     u305:
   816     07D5  1003               	clrc
   817     07D6  0CA3               	rrf	___aldiv@divisor+3,f
   818     07D7  0CA2               	rrf	___aldiv@divisor+2,f
   819     07D8  0CA1               	rrf	___aldiv@divisor+1,f
   820     07D9  0CA0               	rrf	___aldiv@divisor,f
   821     07DA  3EFF               	addlw	-1
   822     07DB  1D03               	skipz
   823     07DC  2FD5               	goto	u305
   824     07DD                     l703:
   825     07DD  3001               	movlw	1
   826     07DE  02A8               	subwf	___aldiv@counter,f
   827     07DF  1D03               	btfss	3,2
   828     07E0  2FE2               	goto	u311
   829     07E1  2FE3               	goto	u310
   830     07E2                     u311:
   831     07E2  2FAA               	goto	l693
   832     07E3                     u310:
   833     07E3                     l705:
   834     07E3  0829               	movf	___aldiv@sign,w
   835     07E4  1903               	btfsc	3,2
   836     07E5  2FE7               	goto	u321
   837     07E6  2FE8               	goto	u320
   838     07E7                     u321:
   839     07E7  2FF3               	goto	l709
   840     07E8                     u320:
   841     07E8                     l707:
   842     07E8  09AA               	comf	___aldiv@quotient,f
   843     07E9  09AB               	comf	___aldiv@quotient+1,f
   844     07EA  09AC               	comf	___aldiv@quotient+2,f
   845     07EB  09AD               	comf	___aldiv@quotient+3,f
   846     07EC  0AAA               	incf	___aldiv@quotient,f
   847     07ED  1903               	skipnz
   848     07EE  0AAB               	incf	___aldiv@quotient+1,f
   849     07EF  1903               	skipnz
   850     07F0  0AAC               	incf	___aldiv@quotient+2,f
   851     07F1  1903               	skipnz
   852     07F2  0AAD               	incf	___aldiv@quotient+3,f
   853     07F3                     l709:
   854     07F3  082D               	movf	___aldiv@quotient+3,w
   855     07F4  00A3               	movwf	?___aldiv+3
   856     07F5  082C               	movf	___aldiv@quotient+2,w
   857     07F6  00A2               	movwf	?___aldiv+2
   858     07F7  082B               	movf	___aldiv@quotient+1,w
   859     07F8  00A1               	movwf	?___aldiv+1
   860     07F9  082A               	movf	___aldiv@quotient,w
   861     07FA  00A0               	movwf	?___aldiv
   862     07FB                     l192:
   863     07FB  0008               	return
   864     07FC                     __end_of___aldiv:
   865     0002                     ___latbits      equ	2
   866     007E                     btemp           set	126	;btemp
   867     007E                     btemp0          set	126
   868     007F                     btemp1          set	127
   869     007E                     wtemp0          set	126
   870     007F                     wtemp0a         set	127
   871     007F                     ttemp0a         set	127
   872     0080                     ltemp0a         set	128

Data Sizes:
    Strings     0
    Constant    0
    Data        0
    BSS         0
    Persistent  0
    Stack       0

Auto Spaces:
    Space          Size  Autos    Used
    COMMON           14     14      14
    BANK0            80     16      16
    BANK1            80      0       0
    BANK3            96      0       0
    BANK2            96      0       0

Pointer List with Targets:

    None.

Critical Paths under _main in COMMON

    _main->___aldiv
    ___aldiv->___lmul

Critical Paths under _main in BANK0

    _main->___aldiv

Critical Paths under _main in BANK1

    None.

Critical Paths under _main in BANK3

    None.

Critical Paths under _main in BANK2

    None.

Call Graph Tables:

 ---------------------------------------------------------------------------------
 (Depth) Function   	        Calls       Base Space   Used Autos Params    Refs
 ---------------------------------------------------------------------------------
 (0) _main                                                 4     4      0     420
                                             14 BANK0      2     2      0
                            ___aldiv
                             ___lmul
                           _adc_init
                       _adc_read_an0
 ---------------------------------------------------------------------------------
 (1) _adc_read_an0                                         3     1      2       0
                                              0 COMMON     3     1      2
 ---------------------------------------------------------------------------------
 (1) _adc_init                                             1     1      0       0
                                              0 COMMON     1     1      0
 ---------------------------------------------------------------------------------
 (1) ___lmul                                              13     5      8      94
                                              0 COMMON    13     5      8
 ---------------------------------------------------------------------------------
 (1) ___aldiv                                             15     7      8     302
                                             13 COMMON     1     1      0
                                              0 BANK0     14     6      8
                             ___lmul (ARG)
 ---------------------------------------------------------------------------------
 Estimated maximum stack depth 1
 ---------------------------------------------------------------------------------

 Call Graph Graphs:

 _main (ROOT)
   ___aldiv
     ___lmul (ARG)
   ___lmul
   _adc_init
   _adc_read_an0

Address spaces:
Name               Size   Autos  Total    Usage
BITCOMMON           14      0       0      0.0%
BITBANK0            80      0       0      0.0%
BITBANK1            80      0       0      0.0%
BITBANK3            96      0       0      0.0%
BITBANK2            96      0       0      0.0%
COMMON              14     14      14    100.0%
BANK0               80     16      16     20.0%
BANK1               80      0       0      0.0%
BANK3               96      0       0      0.0%
BANK2               96      0       0      0.0%
STACK                0      0       0      0.0%
DATA                 0      0      30      0.0%


Microchip Technology PIC Macro Assembler V3.10 build 20250813170317 
Symbol Table                                                                                   Thu Nov  6 07:49:07 2025

                     l20 06D4                       l23 06DE                       l17 06CC  
                    l131 0762                      l182 0777                      l192 07FB  
                    l701 07D4                      l703 07DD                      l705 07E3  
                    l713 06DF                      l707 07E8                      l651 06CD  
                    l715 06E4                      l709 07F3                      l661 0725  
                    l653 06D1                      l717 06EF                      l663 0729  
                    l647 06BE                      l655 06D8                      l681 0786  
                    l673 0763                      l665 0740                      l649 06C8  
                    l691 07A6                      l683 0788                      l675 0766  
                    l667 0749                      l659 071D                      l693 07AA  
                    l685 0790                      l677 076A                      l669 075A  
                    l695 07B3                      l687 0798                      l679 077B  
                    l697 07C5                      l689 079B                      l699 07D3  
                    u220 075A                      u221 0759                      u205 0742  
                    u310 07E3                      u230 076A                      u311 07E2  
                    u231 0769                      u215 074A                      u320 07E8  
                    u240 077B                      u321 07E7                      u305 07D5  
                    u241 077A                      u250 0798                      u170 06D8  
                    u251 0797                      u171 06D7                      u180 0729  
                    u181 0728                      u270 07AA                      u271 07A9  
                    u191 0732                      u192 0739                      u265 079D  
                    u193 0740                      u337 06CF                      u290 07C5  
                    u291 07C4                      u347 06CA                      u285 07AC  
                    u295 07C1                     _main 06DF                     btemp 007E  
                   start 0000          __end_of___aldiv 07FC                    ?_main 0070  
                  _TRISA 0085      ___lmul@multiplicand 0074             _adc_read_an0 06CD  
                  btemp0 007E                    btemp1 007F                    status 0003  
                  wtemp0 007E          __initialization 07FC             __end_of_main 071D  
                 ??_main 007E                   _ADCON0 001F                   _ADCON1 009F  
                 _ADRESH 001E                   _ADRESL 009E         __end_of_adc_init 06CD  
                 ___lmul 071D                ??___aldiv 007D                   ltemp0a 0080  
                 ttemp0a 007F                   wtemp0a 007F  __end_of__initialization 07FC  
         __pcstackCOMMON 0070               __pmaintext 06DF                  ?___lmul 0070  
         ___lmul@product 0079                ?_adc_init 0070                  ___aldiv 0763  
             ??_adc_init 0070                  __ptext1 06CD                  __ptext2 06BE  
                __ptext3 071D                  __ptext4 0763         ___aldiv@dividend 0024  
                main@raw 002E     end_of_initialization 07FC         ___aldiv@quotient 002A  
         __end_of___lmul 0763      start_initialization 07FC                 ??___lmul 0078  
              ___latbits 0002            ?_adc_read_an0 0070            __pcstackBANK0 0020  
               ?___aldiv 0020           ??_adc_read_an0 0072          ___aldiv@divisor 0020  
        ___aldiv@counter 0028                 _GO_nDONE 00FA        ___lmul@multiplier 0070  
               _adc_init 06BE     __end_of_adc_read_an0 06DF             ___aldiv@sign 0029  
